Command line invocation:
    /Applications/Xcode.app/Contents/Developer/usr/bin/xcodebuild clean build -project Planner.xcodeproj -scheme Planner

CreateBuildRequest

SendProjectDescription

CreateBuildOperation

** CLEAN SUCCEEDED **

ComputePackagePrebuildTargetDependencyGraph

Prepare packages

CreateBuildRequest

SendProjectDescription

CreateBuildOperation

ComputeTargetDependencyGraph
note: Building targets in dependency order
note: Target dependency graph (1 target)
    Target 'Planner' in project 'Planner' (no dependencies)

GatherProvisioningInputs

CreateBuildDescription

ExecuteExternalTool /Applications/Xcode.app/Contents/Developer/Toolchains/XcodeDefault.xctoolchain/usr/bin/clang -v -E -dM -isysroot /Applications/Xcode.app/Contents/Developer/Platforms/MacOSX.platform/Developer/SDKs/MacOSX26.2.sdk -x c -c /dev/null

ExecuteExternalTool /Applications/Xcode.app/Contents/Developer/usr/bin/actool --version --output-format xml1

ExecuteExternalTool /Applications/Xcode.app/Contents/Developer/Toolchains/XcodeDefault.xctoolchain/usr/bin/swiftc --version

ExecuteExternalTool /Applications/Xcode.app/Contents/Developer/Toolchains/XcodeDefault.xctoolchain/usr/bin/ld -version_details

Build description signature: 8a431ce5ba867da2c04ae46c503b694b
Build description path: /Users/aruapimenta/Library/Developer/Xcode/DerivedData/Planner-djgykzptgcbukqejagzbagtzxqqu/Build/Intermediates.noindex/XCBuildData/8a431ce5ba867da2c04ae46c503b694b.xcbuilddata
ClangStatCache /Applications/Xcode.app/Contents/Developer/Toolchains/XcodeDefault.xctoolchain/usr/bin/clang-stat-cache /Applications/Xcode.app/Contents/Developer/Platforms/MacOSX.platform/Developer/SDKs/MacOSX26.2.sdk /Users/aruapimenta/Library/Developer/Xcode/DerivedData/SDKStatCaches.noindex/macosx26.2-25C58-00fa09913b459cbbc988d1f6730289ae.sdkstatcache
    cd /Users/aruapimenta/Library/Mobile\ Documents/com\~apple\~CloudDocs/Apps,\ trabalhos\ e\ testes/Planner/Planner.xcodeproj
    /Applications/Xcode.app/Contents/Developer/Toolchains/XcodeDefault.xctoolchain/usr/bin/clang-stat-cache /Applications/Xcode.app/Contents/Developer/Platforms/MacOSX.platform/Developer/SDKs/MacOSX26.2.sdk -o /Users/aruapimenta/Library/Developer/Xcode/DerivedData/SDKStatCaches.noindex/macosx26.2-25C58-00fa09913b459cbbc988d1f6730289ae.sdkstatcache

CreateBuildDirectory /Users/aruapimenta/Library/Developer/Xcode/DerivedData/Planner-djgykzptgcbukqejagzbagtzxqqu/Build/Products
    cd /Users/aruapimenta/Library/Mobile\ Documents/com\~apple\~CloudDocs/Apps,\ trabalhos\ e\ testes/Planner/Planner.xcodeproj
    builtin-create-build-directory /Users/aruapimenta/Library/Developer/Xcode/DerivedData/Planner-djgykzptgcbukqejagzbagtzxqqu/Build/Products

CreateBuildDirectory /Users/aruapimenta/Library/Developer/Xcode/DerivedData/Planner-djgykzptgcbukqejagzbagtzxqqu/Build/Intermediates.noindex
    cd /Users/aruapimenta/Library/Mobile\ Documents/com\~apple\~CloudDocs/Apps,\ trabalhos\ e\ testes/Planner/Planner.xcodeproj
    builtin-create-build-directory /Users/aruapimenta/Library/Developer/Xcode/DerivedData/Planner-djgykzptgcbukqejagzbagtzxqqu/Build/Intermediates.noindex

CreateBuildDirectory /Users/aruapimenta/Library/Developer/Xcode/DerivedData/Planner-djgykzptgcbukqejagzbagtzxqqu/Build/Intermediates.noindex/ExplicitPrecompiledModules
    cd /Users/aruapimenta/Library/Mobile\ Documents/com\~apple\~CloudDocs/Apps,\ trabalhos\ e\ testes/Planner/Planner.xcodeproj
    builtin-create-build-directory /Users/aruapimenta/Library/Developer/Xcode/DerivedData/Planner-djgykzptgcbukqejagzbagtzxqqu/Build/Intermediates.noindex/ExplicitPrecompiledModules

CreateBuildDirectory /Users/aruapimenta/Library/Developer/Xcode/DerivedData/Planner-djgykzptgcbukqejagzbagtzxqqu/Build/Intermediates.noindex/SwiftExplicitPrecompiledModules
    cd /Users/aruapimenta/Library/Mobile\ Documents/com\~apple\~CloudDocs/Apps,\ trabalhos\ e\ testes/Planner/Planner.xcodeproj
    builtin-create-build-directory /Users/aruapimenta/Library/Developer/Xcode/DerivedData/Planner-djgykzptgcbukqejagzbagtzxqqu/Build/Intermediates.noindex/SwiftExplicitPrecompiledModules

CreateBuildDirectory /Users/aruapimenta/Library/Developer/Xcode/DerivedData/Planner-djgykzptgcbukqejagzbagtzxqqu/Build/Intermediates.noindex/EagerLinkingTBDs/Debug
    cd /Users/aruapimenta/Library/Mobile\ Documents/com\~apple\~CloudDocs/Apps,\ trabalhos\ e\ testes/Planner/Planner.xcodeproj
    builtin-create-build-directory /Users/aruapimenta/Library/Developer/Xcode/DerivedData/Planner-djgykzptgcbukqejagzbagtzxqqu/Build/Intermediates.noindex/EagerLinkingTBDs/Debug

WriteAuxiliaryFile /Users/aruapimenta/Library/Developer/Xcode/DerivedData/Planner-djgykzptgcbukqejagzbagtzxqqu/Build/Intermediates.noindex/Planner.build/Debug/Planner-d1fe009a27a9e9002364fb384a69f78d-VFS/all-product-headers.yaml
    cd /Users/aruapimenta/Library/Mobile\ Documents/com\~apple\~CloudDocs/Apps,\ trabalhos\ e\ testes/Planner/Planner.xcodeproj
    write-file /Users/aruapimenta/Library/Developer/Xcode/DerivedData/Planner-djgykzptgcbukqejagzbagtzxqqu/Build/Intermediates.noindex/Planner.build/Debug/Planner-d1fe009a27a9e9002364fb384a69f78d-VFS/all-product-headers.yaml

CreateBuildDirectory /Users/aruapimenta/Library/Developer/Xcode/DerivedData/Planner-djgykzptgcbukqejagzbagtzxqqu/Build/Products/Debug
    cd /Users/aruapimenta/Library/Mobile\ Documents/com\~apple\~CloudDocs/Apps,\ trabalhos\ e\ testes/Planner/Planner.xcodeproj
    builtin-create-build-directory /Users/aruapimenta/Library/Developer/Xcode/DerivedData/Planner-djgykzptgcbukqejagzbagtzxqqu/Build/Products/Debug

WriteAuxiliaryFile /Users/aruapimenta/Library/Developer/Xcode/DerivedData/Planner-djgykzptgcbukqejagzbagtzxqqu/Build/Intermediates.noindex/Planner.build/Debug/Planner.build/Planner.hmap (in target 'Planner' from project 'Planner')
    cd /Users/aruapimenta/Library/Mobile\ Documents/com\~apple\~CloudDocs/Apps,\ trabalhos\ e\ testes/Planner
    write-file /Users/aruapimenta/Library/Developer/Xcode/DerivedData/Planner-djgykzptgcbukqejagzbagtzxqqu/Build/Intermediates.noindex/Planner.build/Debug/Planner.build/Planner.hmap

WriteAuxiliaryFile /Users/aruapimenta/Library/Developer/Xcode/DerivedData/Planner-djgykzptgcbukqejagzbagtzxqqu/Build/Intermediates.noindex/Planner.build/Debug/Planner.build/empty-Planner.plist (in target 'Planner' from project 'Planner')
    cd /Users/aruapimenta/Library/Mobile\ Documents/com\~apple\~CloudDocs/Apps,\ trabalhos\ e\ testes/Planner
    write-file /Users/aruapimenta/Library/Developer/Xcode/DerivedData/Planner-djgykzptgcbukqejagzbagtzxqqu/Build/Intermediates.noindex/Planner.build/Debug/Planner.build/empty-Planner.plist

WriteAuxiliaryFile /Users/aruapimenta/Library/Developer/Xcode/DerivedData/Planner-djgykzptgcbukqejagzbagtzxqqu/Build/Intermediates.noindex/Planner.build/Debug/Planner.build/Planner.DependencyStaticMetadataFileList (in target 'Planner' from project 'Planner')
    cd /Users/aruapimenta/Library/Mobile\ Documents/com\~apple\~CloudDocs/Apps,\ trabalhos\ e\ testes/Planner
    write-file /Users/aruapimenta/Library/Developer/Xcode/DerivedData/Planner-djgykzptgcbukqejagzbagtzxqqu/Build/Intermediates.noindex/Planner.build/Debug/Planner.build/Planner.DependencyStaticMetadataFileList

WriteAuxiliaryFile /Users/aruapimenta/Library/Developer/Xcode/DerivedData/Planner-djgykzptgcbukqejagzbagtzxqqu/Build/Intermediates.noindex/Planner.build/Debug/Planner.build/Planner.DependencyMetadataFileList (in target 'Planner' from project 'Planner')
    cd /Users/aruapimenta/Library/Mobile\ Documents/com\~apple\~CloudDocs/Apps,\ trabalhos\ e\ testes/Planner
    write-file /Users/aruapimenta/Library/Developer/Xcode/DerivedData/Planner-djgykzptgcbukqejagzbagtzxqqu/Build/Intermediates.noindex/Planner.build/Debug/Planner.build/Planner.DependencyMetadataFileList

WriteAuxiliaryFile /Users/aruapimenta/Library/Developer/Xcode/DerivedData/Planner-djgykzptgcbukqejagzbagtzxqqu/Build/Intermediates.noindex/Planner.build/Debug/Planner.build/Planner-project-headers.hmap (in target 'Planner' from project 'Planner')
    cd /Users/aruapimenta/Library/Mobile\ Documents/com\~apple\~CloudDocs/Apps,\ trabalhos\ e\ testes/Planner
    write-file /Users/aruapimenta/Library/Developer/Xcode/DerivedData/Planner-djgykzptgcbukqejagzbagtzxqqu/Build/Intermediates.noindex/Planner.build/Debug/Planner.build/Planner-project-headers.hmap

WriteAuxiliaryFile /Users/aruapimenta/Library/Developer/Xcode/DerivedData/Planner-djgykzptgcbukqejagzbagtzxqqu/Build/Intermediates.noindex/Planner.build/Debug/Planner.build/Planner-generated-files.hmap (in target 'Planner' from project 'Planner')
    cd /Users/aruapimenta/Library/Mobile\ Documents/com\~apple\~CloudDocs/Apps,\ trabalhos\ e\ testes/Planner
    write-file /Users/aruapimenta/Library/Developer/Xcode/DerivedData/Planner-djgykzptgcbukqejagzbagtzxqqu/Build/Intermediates.noindex/Planner.build/Debug/Planner.build/Planner-generated-files.hmap

WriteAuxiliaryFile /Users/aruapimenta/Library/Developer/Xcode/DerivedData/Planner-djgykzptgcbukqejagzbagtzxqqu/Build/Intermediates.noindex/Planner.build/Debug/Planner.build/Planner-own-target-headers.hmap (in target 'Planner' from project 'Planner')
    cd /Users/aruapimenta/Library/Mobile\ Documents/com\~apple\~CloudDocs/Apps,\ trabalhos\ e\ testes/Planner
    write-file /Users/aruapimenta/Library/Developer/Xcode/DerivedData/Planner-djgykzptgcbukqejagzbagtzxqqu/Build/Intermediates.noindex/Planner.build/Debug/Planner.build/Planner-own-target-headers.hmap

WriteAuxiliaryFile /Users/aruapimenta/Library/Developer/Xcode/DerivedData/Planner-djgykzptgcbukqejagzbagtzxqqu/Build/Intermediates.noindex/Planner.build/Debug/Planner.build/Planner-all-target-headers.hmap (in target 'Planner' from project 'Planner')
    cd /Users/aruapimenta/Library/Mobile\ Documents/com\~apple\~CloudDocs/Apps,\ trabalhos\ e\ testes/Planner
    write-file /Users/aruapimenta/Library/Developer/Xcode/DerivedData/Planner-djgykzptgcbukqejagzbagtzxqqu/Build/Intermediates.noindex/Planner.build/Debug/Planner.build/Planner-all-target-headers.hmap

WriteAuxiliaryFile /Users/aruapimenta/Library/Developer/Xcode/DerivedData/Planner-djgykzptgcbukqejagzbagtzxqqu/Build/Intermediates.noindex/Planner.build/Debug/Planner.build/Planner-all-non-framework-target-headers.hmap (in target 'Planner' from project 'Planner')
    cd /Users/aruapimenta/Library/Mobile\ Documents/com\~apple\~CloudDocs/Apps,\ trabalhos\ e\ testes/Planner
    write-file /Users/aruapimenta/Library/Developer/Xcode/DerivedData/Planner-djgykzptgcbukqejagzbagtzxqqu/Build/Intermediates.noindex/Planner.build/Debug/Planner.build/Planner-all-non-framework-target-headers.hmap

WriteAuxiliaryFile /Users/aruapimenta/Library/Developer/Xcode/DerivedData/Planner-djgykzptgcbukqejagzbagtzxqqu/Build/Intermediates.noindex/Planner.build/Debug/Planner.build/Planner-DebugDylibPath-normal-arm64.txt (in target 'Planner' from project 'Planner')
    cd /Users/aruapimenta/Library/Mobile\ Documents/com\~apple\~CloudDocs/Apps,\ trabalhos\ e\ testes/Planner
    write-file /Users/aruapimenta/Library/Developer/Xcode/DerivedData/Planner-djgykzptgcbukqejagzbagtzxqqu/Build/Intermediates.noindex/Planner.build/Debug/Planner.build/Planner-DebugDylibPath-normal-arm64.txt

WriteAuxiliaryFile /Users/aruapimenta/Library/Developer/Xcode/DerivedData/Planner-djgykzptgcbukqejagzbagtzxqqu/Build/Intermediates.noindex/Planner.build/Debug/Planner.build/Planner-DebugDylibInstallName-normal-arm64.txt (in target 'Planner' from project 'Planner')
    cd /Users/aruapimenta/Library/Mobile\ Documents/com\~apple\~CloudDocs/Apps,\ trabalhos\ e\ testes/Planner
    write-file /Users/aruapimenta/Library/Developer/Xcode/DerivedData/Planner-djgykzptgcbukqejagzbagtzxqqu/Build/Intermediates.noindex/Planner.build/Debug/Planner.build/Planner-DebugDylibInstallName-normal-arm64.txt

WriteAuxiliaryFile /Users/aruapimenta/Library/Developer/Xcode/DerivedData/Planner-djgykzptgcbukqejagzbagtzxqqu/Build/Intermediates.noindex/Planner.build/Debug/Planner.build/Objects-normal/arm64/Planner_const_extract_protocols.json (in target 'Planner' from project 'Planner')
    cd /Users/aruapimenta/Library/Mobile\ Documents/com\~apple\~CloudDocs/Apps,\ trabalhos\ e\ testes/Planner
    write-file /Users/aruapimenta/Library/Developer/Xcode/DerivedData/Planner-djgykzptgcbukqejagzbagtzxqqu/Build/Intermediates.noindex/Planner.build/Debug/Planner.build/Objects-normal/arm64/Planner_const_extract_protocols.json

WriteAuxiliaryFile /Users/aruapimenta/Library/Developer/Xcode/DerivedData/Planner-djgykzptgcbukqejagzbagtzxqqu/Build/Intermediates.noindex/Planner.build/Debug/Planner.build/Objects-normal/arm64/Planner.SwiftConstValuesFileList (in target 'Planner' from project 'Planner')
    cd /Users/aruapimenta/Library/Mobile\ Documents/com\~apple\~CloudDocs/Apps,\ trabalhos\ e\ testes/Planner
    write-file /Users/aruapimenta/Library/Developer/Xcode/DerivedData/Planner-djgykzptgcbukqejagzbagtzxqqu/Build/Intermediates.noindex/Planner.build/Debug/Planner.build/Objects-normal/arm64/Planner.SwiftConstValuesFileList

WriteAuxiliaryFile /Users/aruapimenta/Library/Developer/Xcode/DerivedData/Planner-djgykzptgcbukqejagzbagtzxqqu/Build/Intermediates.noindex/Planner.build/Debug/Planner.build/Objects-normal/arm64/Planner.SwiftFileList (in target 'Planner' from project 'Planner')
    cd /Users/aruapimenta/Library/Mobile\ Documents/com\~apple\~CloudDocs/Apps,\ trabalhos\ e\ testes/Planner
    write-file /Users/aruapimenta/Library/Developer/Xcode/DerivedData/Planner-djgykzptgcbukqejagzbagtzxqqu/Build/Intermediates.noindex/Planner.build/Debug/Planner.build/Objects-normal/arm64/Planner.SwiftFileList

WriteAuxiliaryFile /Users/aruapimenta/Library/Developer/Xcode/DerivedData/Planner-djgykzptgcbukqejagzbagtzxqqu/Build/Intermediates.noindex/Planner.build/Debug/Planner.build/Objects-normal/arm64/Planner-OutputFileMap.json (in target 'Planner' from project 'Planner')
    cd /Users/aruapimenta/Library/Mobile\ Documents/com\~apple\~CloudDocs/Apps,\ trabalhos\ e\ testes/Planner
    write-file /Users/aruapimenta/Library/Developer/Xcode/DerivedData/Planner-djgykzptgcbukqejagzbagtzxqqu/Build/Intermediates.noindex/Planner.build/Debug/Planner.build/Objects-normal/arm64/Planner-OutputFileMap.json

WriteAuxiliaryFile /Users/aruapimenta/Library/Developer/Xcode/DerivedData/Planner-djgykzptgcbukqejagzbagtzxqqu/Build/Intermediates.noindex/Planner.build/Debug/Planner.build/Objects-normal/arm64/Planner.LinkFileList (in target 'Planner' from project 'Planner')
    cd /Users/aruapimenta/Library/Mobile\ Documents/com\~apple\~CloudDocs/Apps,\ trabalhos\ e\ testes/Planner
    write-file /Users/aruapimenta/Library/Developer/Xcode/DerivedData/Planner-djgykzptgcbukqejagzbagtzxqqu/Build/Intermediates.noindex/Planner.build/Debug/Planner.build/Objects-normal/arm64/Planner.LinkFileList

WriteAuxiliaryFile /Users/aruapimenta/Library/Developer/Xcode/DerivedData/Planner-djgykzptgcbukqejagzbagtzxqqu/Build/Intermediates.noindex/Planner.build/Debug/Planner.build/DerivedSources/Entitlements.plist (in target 'Planner' from project 'Planner')
    cd /Users/aruapimenta/Library/Mobile\ Documents/com\~apple\~CloudDocs/Apps,\ trabalhos\ e\ testes/Planner
    write-file /Users/aruapimenta/Library/Developer/Xcode/DerivedData/Planner-djgykzptgcbukqejagzbagtzxqqu/Build/Intermediates.noindex/Planner.build/Debug/Planner.build/DerivedSources/Entitlements.plist

MkDir /Users/aruapimenta/Library/Developer/Xcode/DerivedData/Planner-djgykzptgcbukqejagzbagtzxqqu/Build/Products/Debug/Planner.app/Contents/Resources (in target 'Planner' from project 'Planner')
    cd /Users/aruapimenta/Library/Mobile\ Documents/com\~apple\~CloudDocs/Apps,\ trabalhos\ e\ testes/Planner
    /bin/mkdir -p /Users/aruapimenta/Library/Developer/Xcode/DerivedData/Planner-djgykzptgcbukqejagzbagtzxqqu/Build/Products/Debug/Planner.app/Contents/Resources

MkDir /Users/aruapimenta/Library/Developer/Xcode/DerivedData/Planner-djgykzptgcbukqejagzbagtzxqqu/Build/Products/Debug/Planner.app/Contents/MacOS (in target 'Planner' from project 'Planner')
    cd /Users/aruapimenta/Library/Mobile\ Documents/com\~apple\~CloudDocs/Apps,\ trabalhos\ e\ testes/Planner
    /bin/mkdir -p /Users/aruapimenta/Library/Developer/Xcode/DerivedData/Planner-djgykzptgcbukqejagzbagtzxqqu/Build/Products/Debug/Planner.app/Contents/MacOS

MkDir /Users/aruapimenta/Library/Developer/Xcode/DerivedData/Planner-djgykzptgcbukqejagzbagtzxqqu/Build/Products/Debug/Planner.app/Contents (in target 'Planner' from project 'Planner')
    cd /Users/aruapimenta/Library/Mobile\ Documents/com\~apple\~CloudDocs/Apps,\ trabalhos\ e\ testes/Planner
    /bin/mkdir -p /Users/aruapimenta/Library/Developer/Xcode/DerivedData/Planner-djgykzptgcbukqejagzbagtzxqqu/Build/Products/Debug/Planner.app/Contents

MkDir /Users/aruapimenta/Library/Developer/Xcode/DerivedData/Planner-djgykzptgcbukqejagzbagtzxqqu/Build/Products/Debug/Planner.app (in target 'Planner' from project 'Planner')
    cd /Users/aruapimenta/Library/Mobile\ Documents/com\~apple\~CloudDocs/Apps,\ trabalhos\ e\ testes/Planner
    /bin/mkdir -p /Users/aruapimenta/Library/Developer/Xcode/DerivedData/Planner-djgykzptgcbukqejagzbagtzxqqu/Build/Products/Debug/Planner.app

ProcessProductPackaging "" /Users/aruapimenta/Library/Developer/Xcode/DerivedData/Planner-djgykzptgcbukqejagzbagtzxqqu/Build/Intermediates.noindex/Planner.build/Debug/Planner.build/Planner.app.xcent (in target 'Planner' from project 'Planner')
    cd /Users/aruapimenta/Library/Mobile\ Documents/com\~apple\~CloudDocs/Apps,\ trabalhos\ e\ testes/Planner
    
    Entitlements:
    
    {
    "com.apple.security.get-task-allow" = 1;
}
    
    builtin-productPackagingUtility -entitlements -format xml -o /Users/aruapimenta/Library/Developer/Xcode/DerivedData/Planner-djgykzptgcbukqejagzbagtzxqqu/Build/Intermediates.noindex/Planner.build/Debug/Planner.build/Planner.app.xcent

ProcessProductPackagingDER /Users/aruapimenta/Library/Developer/Xcode/DerivedData/Planner-djgykzptgcbukqejagzbagtzxqqu/Build/Intermediates.noindex/Planner.build/Debug/Planner.build/Planner.app.xcent /Users/aruapimenta/Library/Developer/Xcode/DerivedData/Planner-djgykzptgcbukqejagzbagtzxqqu/Build/Intermediates.noindex/Planner.build/Debug/Planner.build/Planner.app.xcent.der (in target 'Planner' from project 'Planner')
    cd /Users/aruapimenta/Library/Mobile\ Documents/com\~apple\~CloudDocs/Apps,\ trabalhos\ e\ testes/Planner
    /usr/bin/derq query -f xml -i /Users/aruapimenta/Library/Developer/Xcode/DerivedData/Planner-djgykzptgcbukqejagzbagtzxqqu/Build/Intermediates.noindex/Planner.build/Debug/Planner.build/Planner.app.xcent -o /Users/aruapimenta/Library/Developer/Xcode/DerivedData/Planner-djgykzptgcbukqejagzbagtzxqqu/Build/Intermediates.noindex/Planner.build/Debug/Planner.build/Planner.app.xcent.der --raw

Ld /Users/aruapimenta/Library/Developer/Xcode/DerivedData/Planner-djgykzptgcbukqejagzbagtzxqqu/Build/Products/Debug/Planner.app/Contents/MacOS/__preview.dylib normal (in target 'Planner' from project 'Planner')
    cd /Users/aruapimenta/Library/Mobile\ Documents/com\~apple\~CloudDocs/Apps,\ trabalhos\ e\ testes/Planner
    /Applications/Xcode.app/Contents/Developer/Toolchains/XcodeDefault.xctoolchain/usr/bin/clang -Xlinker -reproducible -target arm64-apple-macos14.0 -dynamiclib -isysroot /Applications/Xcode.app/Contents/Developer/Platforms/MacOSX.platform/Developer/SDKs/MacOSX26.2.sdk -O0 -L/Users/aruapimenta/Library/Developer/Xcode/DerivedData/Planner-djgykzptgcbukqejagzbagtzxqqu/Build/Products/Debug -F/Users/aruapimenta/Library/Developer/Xcode/DerivedData/Planner-djgykzptgcbukqejagzbagtzxqqu/Build/Products/Debug -install_name @rpath/Planner.debug.dylib -dead_strip -rdynamic -Xlinker -no_deduplicate -Xlinker -debug_variant -Xlinker -dependency_info -Xlinker /Users/aruapimenta/Library/Developer/Xcode/DerivedData/Planner-djgykzptgcbukqejagzbagtzxqqu/Build/Intermediates.noindex/Planner.build/Debug/Planner.build/Objects-normal/arm64/Planner_dependency_info.dat -Xlinker -no_adhoc_codesign -o /Users/aruapimenta/Library/Developer/Xcode/DerivedData/Planner-djgykzptgcbukqejagzbagtzxqqu/Build/Products/Debug/Planner.app/Contents/MacOS/__preview.dylib

GenerateAssetSymbols /Users/aruapimenta/Library/Mobile\ Documents/com~apple~CloudDocs/Apps,\ trabalhos\ e\ testes/Planner/Planner/Assets.xcassets (in target 'Planner' from project 'Planner')
    cd /Users/aruapimenta/Library/Mobile\ Documents/com\~apple\~CloudDocs/Apps,\ trabalhos\ e\ testes/Planner
    /Applications/Xcode.app/Contents/Developer/usr/bin/actool /Users/aruapimenta/Library/Mobile\ Documents/com\~apple\~CloudDocs/Apps,\ trabalhos\ e\ testes/Planner/Planner/Assets.xcassets --compile /Users/aruapimenta/Library/Developer/Xcode/DerivedData/Planner-djgykzptgcbukqejagzbagtzxqqu/Build/Products/Debug/Planner.app/Contents/Resources --output-format human-readable-text --notices --warnings --export-dependency-info /Users/aruapimenta/Library/Developer/Xcode/DerivedData/Planner-djgykzptgcbukqejagzbagtzxqqu/Build/Intermediates.noindex/Planner.build/Debug/Planner.build/assetcatalog_dependencies --output-partial-info-plist /Users/aruapimenta/Library/Developer/Xcode/DerivedData/Planner-djgykzptgcbukqejagzbagtzxqqu/Build/Intermediates.noindex/Planner.build/Debug/Planner.build/assetcatalog_generated_info.plist --app-icon AppIcon --accent-color AccentColor --enable-on-demand-resources NO --development-region en --target-device mac --minimum-deployment-target 14.0 --platform macosx --bundle-identifier sharann.Planner --generate-swift-asset-symbols /Users/aruapimenta/Library/Developer/Xcode/DerivedData/Planner-djgykzptgcbukqejagzbagtzxqqu/Build/Intermediates.noindex/Planner.build/Debug/Planner.build/DerivedSources/GeneratedAssetSymbols.swift --generate-objc-asset-symbols /Users/aruapimenta/Library/Developer/Xcode/DerivedData/Planner-djgykzptgcbukqejagzbagtzxqqu/Build/Intermediates.noindex/Planner.build/Debug/Planner.build/DerivedSources/GeneratedAssetSymbols.h --generate-asset-symbol-index /Users/aruapimenta/Library/Developer/Xcode/DerivedData/Planner-djgykzptgcbukqejagzbagtzxqqu/Build/Intermediates.noindex/Planner.build/Debug/Planner.build/DerivedSources/GeneratedAssetSymbols-Index.plist
/* com.apple.actool.compilation-results */
/Users/aruapimenta/Library/Developer/Xcode/DerivedData/Planner-djgykzptgcbukqejagzbagtzxqqu/Build/Intermediates.noindex/Planner.build/Debug/Planner.build/DerivedSources/GeneratedAssetSymbols-Index.plist
/Users/aruapimenta/Library/Developer/Xcode/DerivedData/Planner-djgykzptgcbukqejagzbagtzxqqu/Build/Intermediates.noindex/Planner.build/Debug/Planner.build/DerivedSources/GeneratedAssetSymbols.h
/Users/aruapimenta/Library/Developer/Xcode/DerivedData/Planner-djgykzptgcbukqejagzbagtzxqqu/Build/Intermediates.noindex/Planner.build/Debug/Planner.build/DerivedSources/GeneratedAssetSymbols.swift


MkDir /Users/aruapimenta/Library/Developer/Xcode/DerivedData/Planner-djgykzptgcbukqejagzbagtzxqqu/Build/Intermediates.noindex/Planner.build/Debug/Planner.build/assetcatalog_output/unthinned (in target 'Planner' from project 'Planner')
    cd /Users/aruapimenta/Library/Mobile\ Documents/com\~apple\~CloudDocs/Apps,\ trabalhos\ e\ testes/Planner
    /bin/mkdir -p /Users/aruapimenta/Library/Developer/Xcode/DerivedData/Planner-djgykzptgcbukqejagzbagtzxqqu/Build/Intermediates.noindex/Planner.build/Debug/Planner.build/assetcatalog_output/unthinned

MkDir /Users/aruapimenta/Library/Developer/Xcode/DerivedData/Planner-djgykzptgcbukqejagzbagtzxqqu/Build/Intermediates.noindex/Planner.build/Debug/Planner.build/assetcatalog_output/thinned (in target 'Planner' from project 'Planner')
    cd /Users/aruapimenta/Library/Mobile\ Documents/com\~apple\~CloudDocs/Apps,\ trabalhos\ e\ testes/Planner
    /bin/mkdir -p /Users/aruapimenta/Library/Developer/Xcode/DerivedData/Planner-djgykzptgcbukqejagzbagtzxqqu/Build/Intermediates.noindex/Planner.build/Debug/Planner.build/assetcatalog_output/thinned

CompileAssetCatalogVariant thinned /Users/aruapimenta/Library/Developer/Xcode/DerivedData/Planner-djgykzptgcbukqejagzbagtzxqqu/Build/Products/Debug/Planner.app/Contents/Resources /Users/aruapimenta/Library/Mobile\ Documents/com~apple~CloudDocs/Apps,\ trabalhos\ e\ testes/Planner/Planner/Assets.xcassets (in target 'Planner' from project 'Planner')
    cd /Users/aruapimenta/Library/Mobile\ Documents/com\~apple\~CloudDocs/Apps,\ trabalhos\ e\ testes/Planner
    /Applications/Xcode.app/Contents/Developer/usr/bin/actool /Users/aruapimenta/Library/Mobile\ Documents/com\~apple\~CloudDocs/Apps,\ trabalhos\ e\ testes/Planner/Planner/Assets.xcassets --compile /Users/aruapimenta/Library/Developer/Xcode/DerivedData/Planner-djgykzptgcbukqejagzbagtzxqqu/Build/Intermediates.noindex/Planner.build/Debug/Planner.build/assetcatalog_output/thinned --output-format human-readable-text --notices --warnings --export-dependency-info /Users/aruapimenta/Library/Developer/Xcode/DerivedData/Planner-djgykzptgcbukqejagzbagtzxqqu/Build/Intermediates.noindex/Planner.build/Debug/Planner.build/assetcatalog_dependencies_thinned --output-partial-info-plist /Users/aruapimenta/Library/Developer/Xcode/DerivedData/Planner-djgykzptgcbukqejagzbagtzxqqu/Build/Intermediates.noindex/Planner.build/Debug/Planner.build/assetcatalog_generated_info.plist_thinned --app-icon AppIcon --accent-color AccentColor --enable-on-demand-resources NO --development-region en --target-device mac --minimum-deployment-target 14.0 --platform macosx
/* com.apple.actool.compilation-results */
/Users/aruapimenta/Library/Developer/Xcode/DerivedData/Planner-djgykzptgcbukqejagzbagtzxqqu/Build/Intermediates.noindex/Planner.build/Debug/Planner.build/assetcatalog_generated_info.plist_thinned


SwiftDriver Planner normal arm64 com.apple.xcode.tools.swift.compiler (in target 'Planner' from project 'Planner')
    cd /Users/aruapimenta/Library/Mobile\ Documents/com\~apple\~CloudDocs/Apps,\ trabalhos\ e\ testes/Planner
    builtin-SwiftDriver -- /Applications/Xcode.app/Contents/Developer/Toolchains/XcodeDefault.xctoolchain/usr/bin/swiftc -module-name Planner -Onone -enforce-exclusivity\=checked @/Users/aruapimenta/Library/Developer/Xcode/DerivedData/Planner-djgykzptgcbukqejagzbagtzxqqu/Build/Intermediates.noindex/Planner.build/Debug/Planner.build/Objects-normal/arm64/Planner.SwiftFileList -DDEBUG -enable-bare-slash-regex -enable-experimental-feature DebugDescriptionMacro -sdk /Applications/Xcode.app/Contents/Developer/Platforms/MacOSX.platform/Developer/SDKs/MacOSX26.2.sdk -target arm64-apple-macos14.0 -g -module-cache-path /Users/aruapimenta/Library/Developer/Xcode/DerivedData/ModuleCache.noindex -Xfrontend -serialize-debugging-options -profile-coverage-mapping -profile-generate -enable-testing -index-store-path /Users/aruapimenta/Library/Developer/Xcode/DerivedData/Planner-djgykzptgcbukqejagzbagtzxqqu/Index.noindex/DataStore -Xcc -D_LIBCPP_HARDENING_MODE\=_LIBCPP_HARDENING_MODE_DEBUG -swift-version 5 -I /Users/aruapimenta/Library/Developer/Xcode/DerivedData/Planner-djgykzptgcbukqejagzbagtzxqqu/Build/Products/Debug -F /Users/aruapimenta/Library/Developer/Xcode/DerivedData/Planner-djgykzptgcbukqejagzbagtzxqqu/Build/Products/Debug -c -j8 -enable-batch-mode -incremental -Xcc -ivfsstatcache -Xcc /Users/aruapimenta/Library/Developer/Xcode/DerivedData/SDKStatCaches.noindex/macosx26.2-25C58-00fa09913b459cbbc988d1f6730289ae.sdkstatcache -output-file-map /Users/aruapimenta/Library/Developer/Xcode/DerivedData/Planner-djgykzptgcbukqejagzbagtzxqqu/Build/Intermediates.noindex/Planner.build/Debug/Planner.build/Objects-normal/arm64/Planner-OutputFileMap.json -use-frontend-parseable-output -save-temps -no-color-diagnostics -explicit-module-build -module-cache-path /Users/aruapimenta/Library/Developer/Xcode/DerivedData/Planner-djgykzptgcbukqejagzbagtzxqqu/Build/Intermediates.noindex/SwiftExplicitPrecompiledModules -clang-scanner-module-cache-path /Users/aruapimenta/Library/Developer/Xcode/DerivedData/ModuleCache.noindex -sdk-module-cache-path /Users/aruapimenta/Library/Developer/Xcode/DerivedData/ModuleCache.noindex -serialize-diagnostics -emit-dependencies -emit-module -emit-module-path /Users/aruapimenta/Library/Developer/Xcode/DerivedData/Planner-djgykzptgcbukqejagzbagtzxqqu/Build/Intermediates.noindex/Planner.build/Debug/Planner.build/Objects-normal/arm64/Planner.swiftmodule -validate-clang-modules-once -clang-build-session-file /Users/aruapimenta/Library/Developer/Xcode/DerivedData/ModuleCache.noindex/Session.modulevalidation -Xcc -I/Users/aruapimenta/Library/Developer/Xcode/DerivedData/Planner-djgykzptgcbukqejagzbagtzxqqu/Build/Intermediates.noindex/Planner.build/Debug/Planner.build/swift-overrides.hmap -emit-const-values -Xfrontend -const-gather-protocols-file -Xfrontend /Users/aruapimenta/Library/Developer/Xcode/DerivedData/Planner-djgykzptgcbukqejagzbagtzxqqu/Build/Intermediates.noindex/Planner.build/Debug/Planner.build/Objects-normal/arm64/Planner_const_extract_protocols.json -Xcc -iquote -Xcc /Users/aruapimenta/Library/Developer/Xcode/DerivedData/Planner-djgykzptgcbukqejagzbagtzxqqu/Build/Intermediates.noindex/Planner.build/Debug/Planner.build/Planner-generated-files.hmap -Xcc -I/Users/aruapimenta/Library/Developer/Xcode/DerivedData/Planner-djgykzptgcbukqejagzbagtzxqqu/Build/Intermediates.noindex/Planner.build/Debug/Planner.build/Planner-own-target-headers.hmap -Xcc -I/Users/aruapimenta/Library/Developer/Xcode/DerivedData/Planner-djgykzptgcbukqejagzbagtzxqqu/Build/Intermediates.noindex/Planner.build/Debug/Planner.build/Planner-all-target-headers.hmap -Xcc -iquote -Xcc /Users/aruapimenta/Library/Developer/Xcode/DerivedData/Planner-djgykzptgcbukqejagzbagtzxqqu/Build/Intermediates.noindex/Planner.build/Debug/Planner.build/Planner-project-headers.hmap -Xcc -I/Users/aruapimenta/Library/Developer/Xcode/DerivedData/Planner-djgykzptgcbukqejagzbagtzxqqu/Build/Products/Debug/include -Xcc -I/Users/aruapimenta/Library/Developer/Xcode/DerivedData/Planner-djgykzptgcbukqejagzbagtzxqqu/Build/Intermediates.noindex/Planner.build/Debug/Planner.build/DerivedSources-normal/arm64 -Xcc -I/Users/aruapimenta/Library/Developer/Xcode/DerivedData/Planner-djgykzptgcbukqejagzbagtzxqqu/Build/Intermediates.noindex/Planner.build/Debug/Planner.build/DerivedSources/arm64 -Xcc -I/Users/aruapimenta/Library/Developer/Xcode/DerivedData/Planner-djgykzptgcbukqejagzbagtzxqqu/Build/Intermediates.noindex/Planner.build/Debug/Planner.build/DerivedSources -Xcc -DDEBUG\=1 -emit-objc-header -emit-objc-header-path /Users/aruapimenta/Library/Developer/Xcode/DerivedData/Planner-djgykzptgcbukqejagzbagtzxqqu/Build/Intermediates.noindex/Planner.build/Debug/Planner.build/Objects-normal/arm64/Planner-Swift.h -working-directory /Users/aruapimenta/Library/Mobile\ Documents/com\~apple\~CloudDocs/Apps,\ trabalhos\ e\ testes/Planner -experimental-emit-module-separately -disable-cmo

LinkAssetCatalog /Users/aruapimenta/Library/Mobile\ Documents/com~apple~CloudDocs/Apps,\ trabalhos\ e\ testes/Planner/Planner/Assets.xcassets (in target 'Planner' from project 'Planner')
    cd /Users/aruapimenta/Library/Mobile\ Documents/com\~apple\~CloudDocs/Apps,\ trabalhos\ e\ testes/Planner
    builtin-linkAssetCatalog --thinned /Users/aruapimenta/Library/Developer/Xcode/DerivedData/Planner-djgykzptgcbukqejagzbagtzxqqu/Build/Intermediates.noindex/Planner.build/Debug/Planner.build/assetcatalog_output/thinned --thinned-dependencies /Users/aruapimenta/Library/Developer/Xcode/DerivedData/Planner-djgykzptgcbukqejagzbagtzxqqu/Build/Intermediates.noindex/Planner.build/Debug/Planner.build/assetcatalog_dependencies_thinned --thinned-info-plist-content /Users/aruapimenta/Library/Developer/Xcode/DerivedData/Planner-djgykzptgcbukqejagzbagtzxqqu/Build/Intermediates.noindex/Planner.build/Debug/Planner.build/assetcatalog_generated_info.plist_thinned --unthinned /Users/aruapimenta/Library/Developer/Xcode/DerivedData/Planner-djgykzptgcbukqejagzbagtzxqqu/Build/Intermediates.noindex/Planner.build/Debug/Planner.build/assetcatalog_output/unthinned --unthinned-dependencies /Users/aruapimenta/Library/Developer/Xcode/DerivedData/Planner-djgykzptgcbukqejagzbagtzxqqu/Build/Intermediates.noindex/Planner.build/Debug/Planner.build/assetcatalog_dependencies_unthinned --unthinned-info-plist-content /Users/aruapimenta/Library/Developer/Xcode/DerivedData/Planner-djgykzptgcbukqejagzbagtzxqqu/Build/Intermediates.noindex/Planner.build/Debug/Planner.build/assetcatalog_generated_info.plist_unthinned --output /Users/aruapimenta/Library/Developer/Xcode/DerivedData/Planner-djgykzptgcbukqejagzbagtzxqqu/Build/Products/Debug/Planner.app/Contents/Resources --plist-output /Users/aruapimenta/Library/Developer/Xcode/DerivedData/Planner-djgykzptgcbukqejagzbagtzxqqu/Build/Intermediates.noindex/Planner.build/Debug/Planner.build/assetcatalog_generated_info.plist

ProcessInfoPlistFile /Users/aruapimenta/Library/Developer/Xcode/DerivedData/Planner-djgykzptgcbukqejagzbagtzxqqu/Build/Products/Debug/Planner.app/Contents/Info.plist /Users/aruapimenta/Library/Developer/Xcode/DerivedData/Planner-djgykzptgcbukqejagzbagtzxqqu/Build/Intermediates.noindex/Planner.build/Debug/Planner.build/empty-Planner.plist (in target 'Planner' from project 'Planner')
    cd /Users/aruapimenta/Library/Mobile\ Documents/com\~apple\~CloudDocs/Apps,\ trabalhos\ e\ testes/Planner
    builtin-infoPlistUtility /Users/aruapimenta/Library/Developer/Xcode/DerivedData/Planner-djgykzptgcbukqejagzbagtzxqqu/Build/Intermediates.noindex/Planner.build/Debug/Planner.build/empty-Planner.plist -producttype com.apple.product-type.application -genpkginfo /Users/aruapimenta/Library/Developer/Xcode/DerivedData/Planner-djgykzptgcbukqejagzbagtzxqqu/Build/Products/Debug/Planner.app/Contents/PkgInfo -expandbuildsettings -platform macosx -additionalcontentfile /Users/aruapimenta/Library/Developer/Xcode/DerivedData/Planner-djgykzptgcbukqejagzbagtzxqqu/Build/Intermediates.noindex/Planner.build/Debug/Planner.build/assetcatalog_generated_info.plist -o /Users/aruapimenta/Library/Developer/Xcode/DerivedData/Planner-djgykzptgcbukqejagzbagtzxqqu/Build/Products/Debug/Planner.app/Contents/Info.plist

SwiftCompile normal arm64 Compiling\ StatusBadge.swift,\ ContentView.swift,\ PlannerApp.swift,\ GeneratedAssetSymbols.swift /Users/aruapimenta/Library/Mobile\ Documents/com~apple~CloudDocs/Apps,\ trabalhos\ e\ testes/Planner/Planner/Views/Shared/StatusBadge.swift /Users/aruapimenta/Library/Mobile\ Documents/com~apple~CloudDocs/Apps,\ trabalhos\ e\ testes/Planner/Planner/ContentView.swift /Users/aruapimenta/Library/Mobile\ Documents/com~apple~CloudDocs/Apps,\ trabalhos\ e\ testes/Planner/Planner/PlannerApp.swift /Users/aruapimenta/Library/Developer/Xcode/DerivedData/Planner-djgykzptgcbukqejagzbagtzxqqu/Build/Intermediates.noindex/Planner.build/Debug/Planner.build/DerivedSources/GeneratedAssetSymbols.swift (in target 'Planner' from project 'Planner')

SwiftCompile normal arm64 /Users/aruapimenta/Library/Mobile\ Documents/com~apple~CloudDocs/Apps,\ trabalhos\ e\ testes/Planner/Planner/Views/Shared/StatusBadge.swift (in target 'Planner' from project 'Planner')
    cd /Users/aruapimenta/Library/Mobile\ Documents/com\~apple\~CloudDocs/Apps,\ trabalhos\ e\ testes/Planner
    

SwiftCompile normal arm64 /Users/aruapimenta/Library/Mobile\ Documents/com~apple~CloudDocs/Apps,\ trabalhos\ e\ testes/Planner/Planner/ContentView.swift (in target 'Planner' from project 'Planner')
    cd /Users/aruapimenta/Library/Mobile\ Documents/com\~apple\~CloudDocs/Apps,\ trabalhos\ e\ testes/Planner
    
/Users/aruapimenta/Library/Mobile Documents/com~apple~CloudDocs/Apps, trabalhos e testes/Planner/Planner/Views/Painel/PainelView.swift:10:18: error: value of type 'Prova' has no member 'data'
    @Query(sort: \Prova.data) private var proximasProvas: [Prova]
                 ^~~~~~~~~~~
/Users/aruapimenta/Library/Mobile Documents/com~apple~CloudDocs/Apps, trabalhos e testes/Planner/Planner/ContentView.swift:32:13: error: 'PainelView' initializer is inaccessible due to 'private' protection level
            PainelView()
            ^
/Users/aruapimenta/Library/Mobile Documents/com~apple~CloudDocs/Apps, trabalhos e testes/Planner/Planner/Views/Painel/PainelView.swift:4:8: note: 'init(_disciplinas:_tarefasPendentes:proximasProvas:_avaliacoes:)' declared here
struct PainelView: View {
       ^
/Users/aruapimenta/Library/Mobile Documents/com~apple~CloudDocs/Apps, trabalhos e testes/Planner/Planner/ContentView.swift:32:24: error: missing argument for parameter 'proximasProvas' in call
            PainelView()
                       ^
                       , proximasProvas: <#[Prova]#>
/Users/aruapimenta/Library/Mobile Documents/com~apple~CloudDocs/Apps, trabalhos e testes/Planner/Planner/Views/Painel/PainelView.swift:4:8: note: 'init(_disciplinas:_tarefasPendentes:proximasProvas:_avaliacoes:)' declared here
struct PainelView: View {
       ^

SwiftCompile normal arm64 /Users/aruapimenta/Library/Mobile\ Documents/com~apple~CloudDocs/Apps,\ trabalhos\ e\ testes/Planner/Planner/PlannerApp.swift (in target 'Planner' from project 'Planner')
    cd /Users/aruapimenta/Library/Mobile\ Documents/com\~apple\~CloudDocs/Apps,\ trabalhos\ e\ testes/Planner
    

SwiftCompile normal arm64 /Users/aruapimenta/Library/Developer/Xcode/DerivedData/Planner-djgykzptgcbukqejagzbagtzxqqu/Build/Intermediates.noindex/Planner.build/Debug/Planner.build/DerivedSources/GeneratedAssetSymbols.swift (in target 'Planner' from project 'Planner')
    cd /Users/aruapimenta/Library/Mobile\ Documents/com\~apple\~CloudDocs/Apps,\ trabalhos\ e\ testes/Planner
    

Failed frontend command:
/Applications/Xcode.app/Contents/Developer/Toolchains/XcodeDefault.xctoolchain/usr/bin/swift-frontend -frontend -c /Users/aruapimenta/Library/Mobile\ Documents/com\~apple\~CloudDocs/Apps,\ trabalhos\ e\ testes/Planner/Planner/Models/Tarefa.swift /Users/aruapimenta/Library/Mobile\ Documents/com\~apple\~CloudDocs/Apps,\ trabalhos\ e\ testes/Planner/Planner/Models/Prova.swift /Users/aruapimenta/Library/Mobile\ Documents/com\~apple\~CloudDocs/Apps,\ trabalhos\ e\ testes/Planner/Planner/Views/Tarefas/TarefasView.swift /Users/aruapimenta/Library/Mobile\ Documents/com\~apple\~CloudDocs/Apps,\ trabalhos\ e\ testes/Planner/Planner/Views/Tarefas/TarefaRow.swift /Users/aruapimenta/Library/Mobile\ Documents/com\~apple\~CloudDocs/Apps,\ trabalhos\ e\ testes/Planner/Planner/Views/Tarefas/NovaTarefaSheet.swift /Users/aruapimenta/Library/Mobile\ Documents/com\~apple\~CloudDocs/Apps,\ trabalhos\ e\ testes/Planner/Planner/Views/Tarefas/ProvaRow.swift /Users/aruapimenta/Library/Mobile\ Documents/com\~apple\~CloudDocs/Apps,\ trabalhos\ e\ testes/Planner/Planner/Models/Falta.swift /Users/aruapimenta/Library/Mobile\ Documents/com\~apple\~CloudDocs/Apps,\ trabalhos\ e\ testes/Planner/Planner/Models/Anotacao.swift /Users/aruapimenta/Library/Mobile\ Documents/com\~apple\~CloudDocs/Apps,\ trabalhos\ e\ testes/Planner/Planner/Views/Presenca/FaltasView.swift /Users/aruapimenta/Library/Mobile\ Documents/com\~apple\~CloudDocs/Apps,\ trabalhos\ e\ testes/Planner/Planner/Views/Presenca/NovaFaltaSheet.swift /Users/aruapimenta/Library/Mobile\ Documents/com\~apple\~CloudDocs/Apps,\ trabalhos\ e\ testes/Planner/Planner/Views/Anotacoes/AnotacoesView.swift /Users/aruapimenta/Library/Mobile\ Documents/com\~apple\~CloudDocs/Apps,\ trabalhos\ e\ testes/Planner/Planner/Managers/NotificationManager.swift /Users/aruapimenta/Library/Mobile\ Documents/com\~apple\~CloudDocs/Apps,\ trabalhos\ e\ testes/Planner/Planner/Models/Avaliacao.swift /Users/aruapimenta/Library/Mobile\ Documents/com\~apple\~CloudDocs/Apps,\ trabalhos\ e\ testes/Planner/Planner/Models/Disciplina.swift /Users/aruapimenta/Library/Mobile\ Documents/com\~apple\~CloudDocs/Apps,\ trabalhos\ e\ testes/Planner/Planner/Models/Feriado.swift /Users/aruapimenta/Library/Mobile\ Documents/com\~apple\~CloudDocs/Apps,\ trabalhos\ e\ testes/Planner/Planner/Models/Professor.swift /Users/aruapimenta/Library/Mobile\ Documents/com\~apple\~CloudDocs/Apps,\ trabalhos\ e\ testes/Planner/Planner/Views/Agenda/AgendaView.swift /Users/aruapimenta/Library/Mobile\ Documents/com\~apple\~CloudDocs/Apps,\ trabalhos\ e\ testes/Planner/Planner/Views/Agenda/FeriadosView.swift /Users/aruapimenta/Library/Mobile\ Documents/com\~apple\~CloudDocs/Apps,\ trabalhos\ e\ testes/Planner/Planner/Views/Agenda/NovoFeriadoSheet.swift /Users/aruapimenta/Library/Mobile\ Documents/com\~apple\~CloudDocs/Apps,\ trabalhos\ e\ testes/Planner/Planner/Views/Anotacoes/AnotacaoDetailView.swift /Users/aruapimenta/Library/Mobile\ Documents/com\~apple\~CloudDocs/Apps,\ trabalhos\ e\ testes/Planner/Planner/Views/Anotacoes/NovaAnotacaoSheet.swift /Users/aruapimenta/Library/Mobile\ Documents/com\~apple\~CloudDocs/Apps,\ trabalhos\ e\ testes/Planner/Planner/Views/Boletim/BoletimView.swift /Users/aruapimenta/Library/Mobile\ Documents/com\~apple\~CloudDocs/Apps,\ trabalhos\ e\ testes/Planner/Planner/Views/Boletim/NovaAvaliacaoSheet.swift /Users/aruapimenta/Library/Mobile\ Documents/com\~apple\~CloudDocs/Apps,\ trabalhos\ e\ testes/Planner/Planner/Views/Disciplinas/DisciplinasView.swift /Users/aruapimenta/Library/Mobile\ Documents/com\~apple\~CloudDocs/Apps,\ trabalhos\ e\ testes/Planner/Planner/Views/Painel/PainelView.swift /Users/aruapimenta/Library/Mobile\ Documents/com\~apple\~CloudDocs/Apps,\ trabalhos\ e\ testes/Planner/Planner/Views/Professores/NovoProfessorSheet.swift /Users/aruapimenta/Library/Mobile\ Documents/com\~apple\~CloudDocs/Apps,\ trabalhos\ e\ testes/Planner/Planner/Views/Professores/ProfessoresView.swift /Users/aruapimenta/Library/Mobile\ Documents/com\~apple\~CloudDocs/Apps,\ trabalhos\ e\ testes/Planner/Planner/Views/Shared/DisciplinaChip.swift /Users/aruapimenta/Library/Mobile\ Documents/com\~apple\~CloudDocs/Apps,\ trabalhos\ e\ testes/Planner/Planner/Views/Shared/GlassCard.swift /Users/aruapimenta/Library/Mobile\ Documents/com\~apple\~CloudDocs/Apps,\ trabalhos\ e\ testes/Planner/Planner/Views/Shared/SidebarRow.swift /Users/aruapimenta/Library/Mobile\ Documents/com\~apple\~CloudDocs/Apps,\ trabalhos\ e\ testes/Planner/Planner/Views/Shared/SidebarView.swift -primary-file /Users/aruapimenta/Library/Mobile\ Documents/com\~apple\~CloudDocs/Apps,\ trabalhos\ e\ testes/Planner/Planner/Views/Shared/StatusBadge.swift -primary-file /Users/aruapimenta/Library/Mobile\ Documents/com\~apple\~CloudDocs/Apps,\ trabalhos\ e\ testes/Planner/Planner/ContentView.swift -primary-file /Users/aruapimenta/Library/Mobile\ Documents/com\~apple\~CloudDocs/Apps,\ trabalhos\ e\ testes/Planner/Planner/PlannerApp.swift -primary-file /Users/aruapimenta/Library/Developer/Xcode/DerivedData/Planner-djgykzptgcbukqejagzbagtzxqqu/Build/Intermediates.noindex/Planner.build/Debug/Planner.build/DerivedSources/GeneratedAssetSymbols.swift -supplementary-output-file-map /Users/aruapimenta/Library/Developer/Xcode/DerivedData/Planner-djgykzptgcbukqejagzbagtzxqqu/Build/Intermediates.noindex/Planner.build/Debug/Planner.build/Objects-normal/arm64/supplementaryOutputs-8 -target arm64-apple-macos14.0 -module-can-import-version AppKit 2685.30.107 2685.30.107 -module-can-import-version DeveloperToolsSupport 23.0.4 23.0.4 -module-can-import-version SwiftUI 7.2.5.1 7.2.5 -disable-cross-import-overlay-search -swift-module-cross-import SwiftData /Applications/Xcode.app/Contents/Developer/Platforms/MacOSX.platform/Developer/SDKs/MacOSX26.2.sdk/System/Library/Frameworks/SwiftData.framework/Modules/SwiftData.swiftcrossimport/CoreData.swiftoverlay -swift-module-cross-import SwiftData /Applications/Xcode.app/Contents/Developer/Platforms/MacOSX.platform/Developer/SDKs/MacOSX26.2.sdk/System/Library/Frameworks/SwiftData.framework/Modules/SwiftData.swiftcrossimport/SwiftUI.swiftoverlay -load-resolved-plugin /Applications/Xcode.app/Contents/Developer/Platforms/MacOSX.platform/Developer/usr/lib/swift/host/plugins/libFoundationMacros.dylib\#/Applications/Xcode.app/Contents/Developer/Platforms/MacOSX.platform/Developer/usr/bin/swift-plugin-server\#FoundationMacros -load-resolved-plugin /Applications/Xcode.app/Contents/Developer/Platforms/MacOSX.platform/Developer/usr/lib/swift/host/plugins/libObservationMacros.dylib\#/Applications/Xcode.app/Contents/Developer/Platforms/MacOSX.platform/Developer/usr/bin/swift-plugin-server\#ObservationMacros -load-resolved-plugin /Applications/Xcode.app/Contents/Developer/Platforms/MacOSX.platform/Developer/usr/lib/swift/host/plugins/libPreviewsMacros.dylib\#/Applications/Xcode.app/Contents/Developer/Platforms/MacOSX.platform/Developer/usr/bin/swift-plugin-server\#PreviewsMacros -load-resolved-plugin /Applications/Xcode.app/Contents/Developer/Platforms/MacOSX.platform/Developer/usr/lib/swift/host/plugins/libSwiftDataMacros.dylib\#/Applications/Xcode.app/Contents/Developer/Platforms/MacOSX.platform/Developer/usr/bin/swift-plugin-server\#SwiftDataMacros -load-resolved-plugin /Applications/Xcode.app/Contents/Developer/Platforms/MacOSX.platform/Developer/usr/lib/swift/host/plugins/libSwiftMacros.dylib\#/Applications/Xcode.app/Contents/Developer/Platforms/MacOSX.platform/Developer/usr/bin/swift-plugin-server\#SwiftMacros -load-resolved-plugin /Applications/Xcode.app/Contents/Developer/Platforms/MacOSX.platform/Developer/usr/lib/swift/host/plugins/libSwiftUIMacros.dylib\#/Applications/Xcode.app/Contents/Developer/Platforms/MacOSX.platform/Developer/usr/bin/swift-plugin-server\#SwiftUIMacros -disable-implicit-swift-modules -Xcc -fno-implicit-modules -Xcc -fno-implicit-module-maps -explicit-swift-module-map-file /Users/aruapimenta/Library/Developer/Xcode/DerivedData/Planner-djgykzptgcbukqejagzbagtzxqqu/Build/Intermediates.noindex/Planner.build/Debug/Planner.build/Objects-normal/arm64/Planner-dependencies-1.json -Xllvm -aarch64-use-tbi -enable-objc-interop -stack-check -sdk /Applications/Xcode.app/Contents/Developer/Platforms/MacOSX.platform/Developer/SDKs/MacOSX26.2.sdk -I /Users/aruapimenta/Library/Developer/Xcode/DerivedData/Planner-djgykzptgcbukqejagzbagtzxqqu/Build/Products/Debug -F /Users/aruapimenta/Library/Developer/Xcode/DerivedData/Planner-djgykzptgcbukqejagzbagtzxqqu/Build/Products/Debug -no-color-diagnostics -Xcc -fno-color-diagnostics -enable-testing -g -debug-info-format\=dwarf -dwarf-version\=4 -module-cache-path /Users/aruapimenta/Library/Developer/Xcode/DerivedData/Planner-djgykzptgcbukqejagzbagtzxqqu/Build/Intermediates.noindex/SwiftExplicitPrecompiledModules -profile-generate -profile-coverage-mapping -swift-version 5 -enforce-exclusivity\=checked -Onone -D DEBUG -serialize-debugging-options -const-gather-protocols-file /Users/aruapimenta/Library/Developer/Xcode/DerivedData/Planner-djgykzptgcbukqejagzbagtzxqqu/Build/Intermediates.noindex/Planner.build/Debug/Planner.build/Objects-normal/arm64/Planner_const_extract_protocols.json -enable-experimental-feature DebugDescriptionMacro -enable-bare-slash-regex -empty-abi-descriptor -validate-clang-modules-once -clang-build-session-file /Users/aruapimenta/Library/Developer/Xcode/DerivedData/ModuleCache.noindex/Session.modulevalidation -Xcc -working-directory -Xcc /Users/aruapimenta/Library/Mobile\ Documents/com\~apple\~CloudDocs/Apps,\ trabalhos\ e\ testes/Planner -enable-anonymous-context-mangled-names -file-compilation-dir /Users/aruapimenta/Library/Mobile\ Documents/com\~apple\~CloudDocs/Apps,\ trabalhos\ e\ testes/Planner -Xcc -D_LIBCPP_HARDENING_MODE\=_LIBCPP_HARDENING_MODE_DEBUG -Xcc -ivfsstatcache -Xcc /Users/aruapimenta/Library/Developer/Xcode/DerivedData/SDKStatCaches.noindex/macosx26.2-25C58-00fa09913b459cbbc988d1f6730289ae.sdkstatcache -Xcc -I/Users/aruapimenta/Library/Developer/Xcode/DerivedData/Planner-djgykzptgcbukqejagzbagtzxqqu/Build/Intermediates.noindex/Planner.build/Debug/Planner.build/swift-overrides.hmap -Xcc -iquote -Xcc /Users/aruapimenta/Library/Developer/Xcode/DerivedData/Planner-djgykzptgcbukqejagzbagtzxqqu/Build/Intermediates.noindex/Planner.build/Debug/Planner.build/Planner-generated-files.hmap -Xcc -I/Users/aruapimenta/Library/Developer/Xcode/DerivedData/Planner-djgykzptgcbukqejagzbagtzxqqu/Build/Intermediates.noindex/Planner.build/Debug/Planner.build/Planner-own-target-headers.hmap -Xcc -I/Users/aruapimenta/Library/Developer/Xcode/DerivedData/Planner-djgykzptgcbukqejagzbagtzxqqu/Build/Intermediates.noindex/Planner.build/Debug/Planner.build/Planner-all-target-headers.hmap -Xcc -iquote -Xcc /Users/aruapimenta/Library/Developer/Xcode/DerivedData/Planner-djgykzptgcbukqejagzbagtzxqqu/Build/Intermediates.noindex/Planner.build/Debug/Planner.build/Planner-project-headers.hmap -Xcc -I/Users/aruapimenta/Library/Developer/Xcode/DerivedData/Planner-djgykzptgcbukqejagzbagtzxqqu/Build/Products/Debug/include -Xcc -I/Users/aruapimenta/Library/Developer/Xcode/DerivedData/Planner-djgykzptgcbukqejagzbagtzxqqu/Build/Intermediates.noindex/Planner.build/Debug/Planner.build/DerivedSources-normal/arm64 -Xcc -I/Users/aruapimenta/Library/Developer/Xcode/DerivedData/Planner-djgykzptgcbukqejagzbagtzxqqu/Build/Intermediates.noindex/Planner.build/Debug/Planner.build/DerivedSources/arm64 -Xcc -I/Users/aruapimenta/Library/Developer/Xcode/DerivedData/Planner-djgykzptgcbukqejagzbagtzxqqu/Build/Intermediates.noindex/Planner.build/Debug/Planner.build/DerivedSources -Xcc -DDEBUG\=1 -no-auto-bridging-header-chaining -module-name Planner -frontend-parseable-output -disable-clang-spi -target-sdk-version 26.2 -target-sdk-name macosx26.2 -clang-target arm64-apple-macos26.2 -in-process-plugin-server-path /Applications/Xcode.app/Contents/Developer/Toolchains/XcodeDefault.xctoolchain/usr/lib/swift/host/libSwiftInProcPluginServer.dylib -o /Users/aruapimenta/Library/Developer/Xcode/DerivedData/Planner-djgykzptgcbukqejagzbagtzxqqu/Build/Intermediates.noindex/Planner.build/Debug/Planner.build/Objects-normal/arm64/StatusBadge.o -o /Users/aruapimenta/Library/Developer/Xcode/DerivedData/Planner-djgykzptgcbukqejagzbagtzxqqu/Build/Intermediates.noindex/Planner.build/Debug/Planner.build/Objects-normal/arm64/ContentView.o -o /Users/aruapimenta/Library/Developer/Xcode/DerivedData/Planner-djgykzptgcbukqejagzbagtzxqqu/Build/Intermediates.noindex/Planner.build/Debug/Planner.build/Objects-normal/arm64/PlannerApp.o -o /Users/aruapimenta/Library/Developer/Xcode/DerivedData/Planner-djgykzptgcbukqejagzbagtzxqqu/Build/Intermediates.noindex/Planner.build/Debug/Planner.build/Objects-normal/arm64/GeneratedAssetSymbols.o -index-unit-output-path /Planner.build/Debug/Planner.build/Objects-normal/arm64/StatusBadge.o -index-unit-output-path /Planner.build/Debug/Planner.build/Objects-normal/arm64/ContentView.o -index-unit-output-path /Planner.build/Debug/Planner.build/Objects-normal/arm64/PlannerApp.o -index-unit-output-path /Planner.build/Debug/Planner.build/Objects-normal/arm64/GeneratedAssetSymbols.o -index-store-path /Users/aruapimenta/Library/Developer/Xcode/DerivedData/Planner-djgykzptgcbukqejagzbagtzxqqu/Index.noindex/DataStore -index-system-modules
SwiftEmitModule normal arm64 Emitting\ module\ for\ Planner (in target 'Planner' from project 'Planner')
EmitSwiftModule normal arm64 (in target 'Planner' from project 'Planner')
    cd /Users/aruapimenta/Library/Mobile\ Documents/com\~apple\~CloudDocs/Apps,\ trabalhos\ e\ testes/Planner
    

SwiftCompile normal arm64 Compiling\ ProvaRow.swift,\ Falta.swift,\ Anotacao.swift,\ FaltasView.swift,\ NovaFaltaSheet.swift /Users/aruapimenta/Library/Mobile\ Documents/com~apple~CloudDocs/Apps,\ trabalhos\ e\ testes/Planner/Planner/Views/Tarefas/ProvaRow.swift /Users/aruapimenta/Library/Mobile\ Documents/com~apple~CloudDocs/Apps,\ trabalhos\ e\ testes/Planner/Planner/Models/Falta.swift /Users/aruapimenta/Library/Mobile\ Documents/com~apple~CloudDocs/Apps,\ trabalhos\ e\ testes/Planner/Planner/Models/Anotacao.swift /Users/aruapimenta/Library/Mobile\ Documents/com~apple~CloudDocs/Apps,\ trabalhos\ e\ testes/Planner/Planner/Views/Presenca/FaltasView.swift /Users/aruapimenta/Library/Mobile\ Documents/com~apple~CloudDocs/Apps,\ trabalhos\ e\ testes/Planner/Planner/Views/Presenca/NovaFaltaSheet.swift (in target 'Planner' from project 'Planner')

SwiftCompile normal arm64 /Users/aruapimenta/Library/Mobile\ Documents/com~apple~CloudDocs/Apps,\ trabalhos\ e\ testes/Planner/Planner/Views/Tarefas/ProvaRow.swift (in target 'Planner' from project 'Planner')
    cd /Users/aruapimenta/Library/Mobile\ Documents/com\~apple\~CloudDocs/Apps,\ trabalhos\ e\ testes/Planner
    

SwiftCompile normal arm64 /Users/aruapimenta/Library/Mobile\ Documents/com~apple~CloudDocs/Apps,\ trabalhos\ e\ testes/Planner/Planner/Models/Falta.swift (in target 'Planner' from project 'Planner')
    cd /Users/aruapimenta/Library/Mobile\ Documents/com\~apple\~CloudDocs/Apps,\ trabalhos\ e\ testes/Planner
    

SwiftCompile normal arm64 /Users/aruapimenta/Library/Mobile\ Documents/com~apple~CloudDocs/Apps,\ trabalhos\ e\ testes/Planner/Planner/Models/Anotacao.swift (in target 'Planner' from project 'Planner')
    cd /Users/aruapimenta/Library/Mobile\ Documents/com\~apple\~CloudDocs/Apps,\ trabalhos\ e\ testes/Planner
    

SwiftCompile normal arm64 /Users/aruapimenta/Library/Mobile\ Documents/com~apple~CloudDocs/Apps,\ trabalhos\ e\ testes/Planner/Planner/Views/Presenca/FaltasView.swift (in target 'Planner' from project 'Planner')
    cd /Users/aruapimenta/Library/Mobile\ Documents/com\~apple\~CloudDocs/Apps,\ trabalhos\ e\ testes/Planner
    

SwiftCompile normal arm64 /Users/aruapimenta/Library/Mobile\ Documents/com~apple~CloudDocs/Apps,\ trabalhos\ e\ testes/Planner/Planner/Views/Presenca/NovaFaltaSheet.swift (in target 'Planner' from project 'Planner')
    cd /Users/aruapimenta/Library/Mobile\ Documents/com\~apple\~CloudDocs/Apps,\ trabalhos\ e\ testes/Planner
    

SwiftCompile normal arm64 Compiling\ DisciplinaChip.swift,\ GlassCard.swift,\ SidebarRow.swift,\ SidebarView.swift /Users/aruapimenta/Library/Mobile\ Documents/com~apple~CloudDocs/Apps,\ trabalhos\ e\ testes/Planner/Planner/Views/Shared/DisciplinaChip.swift /Users/aruapimenta/Library/Mobile\ Documents/com~apple~CloudDocs/Apps,\ trabalhos\ e\ testes/Planner/Planner/Views/Shared/GlassCard.swift /Users/aruapimenta/Library/Mobile\ Documents/com~apple~CloudDocs/Apps,\ trabalhos\ e\ testes/Planner/Planner/Views/Shared/SidebarRow.swift /Users/aruapimenta/Library/Mobile\ Documents/com~apple~CloudDocs/Apps,\ trabalhos\ e\ testes/Planner/Planner/Views/Shared/SidebarView.swift (in target 'Planner' from project 'Planner')
SwiftCompile normal arm64 /Users/aruapimenta/Library/Mobile\ Documents/com~apple~CloudDocs/Apps,\ trabalhos\ e\ testes/Planner/Planner/Views/Shared/DisciplinaChip.swift (in target 'Planner' from project 'Planner')
    cd /Users/aruapimenta/Library/Mobile\ Documents/com\~apple\~CloudDocs/Apps,\ trabalhos\ e\ testes/Planner
    

SwiftCompile normal arm64 /Users/aruapimenta/Library/Mobile\ Documents/com~apple~CloudDocs/Apps,\ trabalhos\ e\ testes/Planner/Planner/Views/Shared/GlassCard.swift (in target 'Planner' from project 'Planner')
    cd /Users/aruapimenta/Library/Mobile\ Documents/com\~apple\~CloudDocs/Apps,\ trabalhos\ e\ testes/Planner
    

SwiftCompile normal arm64 /Users/aruapimenta/Library/Mobile\ Documents/com~apple~CloudDocs/Apps,\ trabalhos\ e\ testes/Planner/Planner/Views/Shared/SidebarRow.swift (in target 'Planner' from project 'Planner')
    cd /Users/aruapimenta/Library/Mobile\ Documents/com\~apple\~CloudDocs/Apps,\ trabalhos\ e\ testes/Planner
    

SwiftCompile normal arm64 /Users/aruapimenta/Library/Mobile\ Documents/com~apple~CloudDocs/Apps,\ trabalhos\ e\ testes/Planner/Planner/Views/Shared/SidebarView.swift (in target 'Planner' from project 'Planner')
    cd /Users/aruapimenta/Library/Mobile\ Documents/com\~apple\~CloudDocs/Apps,\ trabalhos\ e\ testes/Planner
    

SwiftCompile normal arm64 Compiling\ Professor.swift,\ AgendaView.swift,\ FeriadosView.swift,\ NovoFeriadoSheet.swift /Users/aruapimenta/Library/Mobile\ Documents/com~apple~CloudDocs/Apps,\ trabalhos\ e\ testes/Planner/Planner/Models/Professor.swift /Users/aruapimenta/Library/Mobile\ Documents/com~apple~CloudDocs/Apps,\ trabalhos\ e\ testes/Planner/Planner/Views/Agenda/AgendaView.swift /Users/aruapimenta/Library/Mobile\ Documents/com~apple~CloudDocs/Apps,\ trabalhos\ e\ testes/Planner/Planner/Views/Agenda/FeriadosView.swift /Users/aruapimenta/Library/Mobile\ Documents/com~apple~CloudDocs/Apps,\ trabalhos\ e\ testes/Planner/Planner/Views/Agenda/NovoFeriadoSheet.swift (in target 'Planner' from project 'Planner')

SwiftCompile normal arm64 /Users/aruapimenta/Library/Mobile\ Documents/com~apple~CloudDocs/Apps,\ trabalhos\ e\ testes/Planner/Planner/Models/Professor.swift (in target 'Planner' from project 'Planner')
    cd /Users/aruapimenta/Library/Mobile\ Documents/com\~apple\~CloudDocs/Apps,\ trabalhos\ e\ testes/Planner
    

SwiftCompile normal arm64 /Users/aruapimenta/Library/Mobile\ Documents/com~apple~CloudDocs/Apps,\ trabalhos\ e\ testes/Planner/Planner/Views/Agenda/AgendaView.swift (in target 'Planner' from project 'Planner')
    cd /Users/aruapimenta/Library/Mobile\ Documents/com\~apple\~CloudDocs/Apps,\ trabalhos\ e\ testes/Planner
    

SwiftCompile normal arm64 /Users/aruapimenta/Library/Mobile\ Documents/com~apple~CloudDocs/Apps,\ trabalhos\ e\ testes/Planner/Planner/Views/Agenda/FeriadosView.swift (in target 'Planner' from project 'Planner')
    cd /Users/aruapimenta/Library/Mobile\ Documents/com\~apple\~CloudDocs/Apps,\ trabalhos\ e\ testes/Planner
    

SwiftCompile normal arm64 /Users/aruapimenta/Library/Mobile\ Documents/com~apple~CloudDocs/Apps,\ trabalhos\ e\ testes/Planner/Planner/Views/Agenda/NovoFeriadoSheet.swift (in target 'Planner' from project 'Planner')
    cd /Users/aruapimenta/Library/Mobile\ Documents/com\~apple\~CloudDocs/Apps,\ trabalhos\ e\ testes/Planner
    

SwiftCompile normal arm64 Compiling\ AnotacoesView.swift,\ NotificationManager.swift,\ Avaliacao.swift,\ Disciplina.swift,\ Feriado.swift /Users/aruapimenta/Library/Mobile\ Documents/com~apple~CloudDocs/Apps,\ trabalhos\ e\ testes/Planner/Planner/Views/Anotacoes/AnotacoesView.swift /Users/aruapimenta/Library/Mobile\ Documents/com~apple~CloudDocs/Apps,\ trabalhos\ e\ testes/Planner/Planner/Managers/NotificationManager.swift /Users/aruapimenta/Library/Mobile\ Documents/com~apple~CloudDocs/Apps,\ trabalhos\ e\ testes/Planner/Planner/Models/Avaliacao.swift /Users/aruapimenta/Library/Mobile\ Documents/com~apple~CloudDocs/Apps,\ trabalhos\ e\ testes/Planner/Planner/Models/Disciplina.swift /Users/aruapimenta/Library/Mobile\ Documents/com~apple~CloudDocs/Apps,\ trabalhos\ e\ testes/Planner/Planner/Models/Feriado.swift (in target 'Planner' from project 'Planner')

SwiftCompile normal arm64 /Users/aruapimenta/Library/Mobile\ Documents/com~apple~CloudDocs/Apps,\ trabalhos\ e\ testes/Planner/Planner/Views/Anotacoes/AnotacoesView.swift (in target 'Planner' from project 'Planner')
    cd /Users/aruapimenta/Library/Mobile\ Documents/com\~apple\~CloudDocs/Apps,\ trabalhos\ e\ testes/Planner
    

SwiftCompile normal arm64 /Users/aruapimenta/Library/Mobile\ Documents/com~apple~CloudDocs/Apps,\ trabalhos\ e\ testes/Planner/Planner/Managers/NotificationManager.swift (in target 'Planner' from project 'Planner')
    cd /Users/aruapimenta/Library/Mobile\ Documents/com\~apple\~CloudDocs/Apps,\ trabalhos\ e\ testes/Planner
    

SwiftCompile normal arm64 /Users/aruapimenta/Library/Mobile\ Documents/com~apple~CloudDocs/Apps,\ trabalhos\ e\ testes/Planner/Planner/Models/Avaliacao.swift (in target 'Planner' from project 'Planner')
    cd /Users/aruapimenta/Library/Mobile\ Documents/com\~apple\~CloudDocs/Apps,\ trabalhos\ e\ testes/Planner
    

SwiftCompile normal arm64 /Users/aruapimenta/Library/Mobile\ Documents/com~apple~CloudDocs/Apps,\ trabalhos\ e\ testes/Planner/Planner/Models/Disciplina.swift (in target 'Planner' from project 'Planner')
    cd /Users/aruapimenta/Library/Mobile\ Documents/com\~apple\~CloudDocs/Apps,\ trabalhos\ e\ testes/Planner
    

SwiftCompile normal arm64 /Users/aruapimenta/Library/Mobile\ Documents/com~apple~CloudDocs/Apps,\ trabalhos\ e\ testes/Planner/Planner/Models/Feriado.swift (in target 'Planner' from project 'Planner')
    cd /Users/aruapimenta/Library/Mobile\ Documents/com\~apple\~CloudDocs/Apps,\ trabalhos\ e\ testes/Planner
    

SwiftCompile normal arm64 Compiling\ AnotacaoDetailView.swift,\ NovaAnotacaoSheet.swift,\ BoletimView.swift,\ NovaAvaliacaoSheet.swift /Users/aruapimenta/Library/Mobile\ Documents/com~apple~CloudDocs/Apps,\ trabalhos\ e\ testes/Planner/Planner/Views/Anotacoes/AnotacaoDetailView.swift /Users/aruapimenta/Library/Mobile\ Documents/com~apple~CloudDocs/Apps,\ trabalhos\ e\ testes/Planner/Planner/Views/Anotacoes/NovaAnotacaoSheet.swift /Users/aruapimenta/Library/Mobile\ Documents/com~apple~CloudDocs/Apps,\ trabalhos\ e\ testes/Planner/Planner/Views/Boletim/BoletimView.swift /Users/aruapimenta/Library/Mobile\ Documents/com~apple~CloudDocs/Apps,\ trabalhos\ e\ testes/Planner/Planner/Views/Boletim/NovaAvaliacaoSheet.swift (in target 'Planner' from project 'Planner')

SwiftCompile normal arm64 /Users/aruapimenta/Library/Mobile\ Documents/com~apple~CloudDocs/Apps,\ trabalhos\ e\ testes/Planner/Planner/Views/Anotacoes/AnotacaoDetailView.swift (in target 'Planner' from project 'Planner')
    cd /Users/aruapimenta/Library/Mobile\ Documents/com\~apple\~CloudDocs/Apps,\ trabalhos\ e\ testes/Planner
    

SwiftCompile normal arm64 /Users/aruapimenta/Library/Mobile\ Documents/com~apple~CloudDocs/Apps,\ trabalhos\ e\ testes/Planner/Planner/Views/Anotacoes/NovaAnotacaoSheet.swift (in target 'Planner' from project 'Planner')
    cd /Users/aruapimenta/Library/Mobile\ Documents/com\~apple\~CloudDocs/Apps,\ trabalhos\ e\ testes/Planner
    

SwiftCompile normal arm64 /Users/aruapimenta/Library/Mobile\ Documents/com~apple~CloudDocs/Apps,\ trabalhos\ e\ testes/Planner/Planner/Views/Boletim/BoletimView.swift (in target 'Planner' from project 'Planner')
    cd /Users/aruapimenta/Library/Mobile\ Documents/com\~apple\~CloudDocs/Apps,\ trabalhos\ e\ testes/Planner
    

SwiftCompile normal arm64 /Users/aruapimenta/Library/Mobile\ Documents/com~apple~CloudDocs/Apps,\ trabalhos\ e\ testes/Planner/Planner/Views/Boletim/NovaAvaliacaoSheet.swift (in target 'Planner' from project 'Planner')
    cd /Users/aruapimenta/Library/Mobile\ Documents/com\~apple\~CloudDocs/Apps,\ trabalhos\ e\ testes/Planner
    

SwiftCompile normal arm64 Compiling\ DisciplinasView.swift,\ PainelView.swift,\ NovoProfessorSheet.swift,\ ProfessoresView.swift /Users/aruapimenta/Library/Mobile\ Documents/com~apple~CloudDocs/Apps,\ trabalhos\ e\ testes/Planner/Planner/Views/Disciplinas/DisciplinasView.swift /Users/aruapimenta/Library/Mobile\ Documents/com~apple~CloudDocs/Apps,\ trabalhos\ e\ testes/Planner/Planner/Views/Painel/PainelView.swift /Users/aruapimenta/Library/Mobile\ Documents/com~apple~CloudDocs/Apps,\ trabalhos\ e\ testes/Planner/Planner/Views/Professores/NovoProfessorSheet.swift /Users/aruapimenta/Library/Mobile\ Documents/com~apple~CloudDocs/Apps,\ trabalhos\ e\ testes/Planner/Planner/Views/Professores/ProfessoresView.swift (in target 'Planner' from project 'Planner')

SwiftCompile normal arm64 /Users/aruapimenta/Library/Mobile\ Documents/com~apple~CloudDocs/Apps,\ trabalhos\ e\ testes/Planner/Planner/Views/Disciplinas/DisciplinasView.swift (in target 'Planner' from project 'Planner')
    cd /Users/aruapimenta/Library/Mobile\ Documents/com\~apple\~CloudDocs/Apps,\ trabalhos\ e\ testes/Planner
    

SwiftCompile normal arm64 /Users/aruapimenta/Library/Mobile\ Documents/com~apple~CloudDocs/Apps,\ trabalhos\ e\ testes/Planner/Planner/Views/Painel/PainelView.swift (in target 'Planner' from project 'Planner')
    cd /Users/aruapimenta/Library/Mobile\ Documents/com\~apple\~CloudDocs/Apps,\ trabalhos\ e\ testes/Planner
    

SwiftCompile normal arm64 /Users/aruapimenta/Library/Mobile\ Documents/com~apple~CloudDocs/Apps,\ trabalhos\ e\ testes/Planner/Planner/Views/Professores/NovoProfessorSheet.swift (in target 'Planner' from project 'Planner')
    cd /Users/aruapimenta/Library/Mobile\ Documents/com\~apple\~CloudDocs/Apps,\ trabalhos\ e\ testes/Planner
    

SwiftCompile normal arm64 /Users/aruapimenta/Library/Mobile\ Documents/com~apple~CloudDocs/Apps,\ trabalhos\ e\ testes/Planner/Planner/Views/Professores/ProfessoresView.swift (in target 'Planner' from project 'Planner')
    cd /Users/aruapimenta/Library/Mobile\ Documents/com\~apple\~CloudDocs/Apps,\ trabalhos\ e\ testes/Planner
    

SwiftCompile normal arm64 Compiling\ Tarefa.swift,\ Prova.swift,\ TarefasView.swift,\ TarefaRow.swift,\ NovaTarefaSheet.swift /Users/aruapimenta/Library/Mobile\ Documents/com~apple~CloudDocs/Apps,\ trabalhos\ e\ testes/Planner/Planner/Models/Tarefa.swift /Users/aruapimenta/Library/Mobile\ Documents/com~apple~CloudDocs/Apps,\ trabalhos\ e\ testes/Planner/Planner/Models/Prova.swift /Users/aruapimenta/Library/Mobile\ Documents/com~apple~CloudDocs/Apps,\ trabalhos\ e\ testes/Planner/Planner/Views/Tarefas/TarefasView.swift /Users/aruapimenta/Library/Mobile\ Documents/com~apple~CloudDocs/Apps,\ trabalhos\ e\ testes/Planner/Planner/Views/Tarefas/TarefaRow.swift /Users/aruapimenta/Library/Mobile\ Documents/com~apple~CloudDocs/Apps,\ trabalhos\ e\ testes/Planner/Planner/Views/Tarefas/NovaTarefaSheet.swift (in target 'Planner' from project 'Planner')

warning: Skipping duplicate build file in Compile Sources build phase: /Users/aruapimenta/Library/Mobile Documents/com~apple~CloudDocs/Apps, trabalhos e testes/Planner/Planner/Models/Anotacao.swift (in target 'Planner' from project 'Planner')
warning: Skipping duplicate build file in Compile Sources build phase: /Users/aruapimenta/Library/Mobile Documents/com~apple~CloudDocs/Apps, trabalhos e testes/Planner/Planner/Models/Falta.swift (in target 'Planner' from project 'Planner')
warning: Skipping duplicate build file in Compile Sources build phase: /Users/aruapimenta/Library/Mobile Documents/com~apple~CloudDocs/Apps, trabalhos e testes/Planner/Planner/Views/Anotacoes/AnotacoesView.swift (in target 'Planner' from project 'Planner')
warning: Skipping duplicate build file in Compile Sources build phase: /Users/aruapimenta/Library/Mobile Documents/com~apple~CloudDocs/Apps, trabalhos e testes/Planner/Planner/Views/Presenca/FaltasView.swift (in target 'Planner' from project 'Planner')
warning: Skipping duplicate build file in Compile Sources build phase: /Users/aruapimenta/Library/Mobile Documents/com~apple~CloudDocs/Apps, trabalhos e testes/Planner/Planner/Views/Presenca/NovaFaltaSheet.swift (in target 'Planner' from project 'Planner')
warning: Skipping duplicate build file in Compile Sources build phase: /Users/aruapimenta/Library/Mobile Documents/com~apple~CloudDocs/Apps, trabalhos e testes/Planner/Planner/Views/Anotacoes/NovaAnotacaoSheet.swift (in target 'Planner' from project 'Planner')
warning: Skipping duplicate build file in Compile Sources build phase: /Users/aruapimenta/Library/Mobile Documents/com~apple~CloudDocs/Apps, trabalhos e testes/Planner/Planner/Views/Anotacoes/AnotacaoDetailView.swift (in target 'Planner' from project 'Planner')
warning: Skipping duplicate build file in Compile Sources build phase: /Users/aruapimenta/Library/Mobile Documents/com~apple~CloudDocs/Apps, trabalhos e testes/Planner/Planner/Models/Avaliacao.swift (in target 'Planner' from project 'Planner')
warning: Skipping duplicate build file in Compile Sources build phase: /Users/aruapimenta/Library/Mobile Documents/com~apple~CloudDocs/Apps, trabalhos e testes/Planner/Planner/Views/Boletim/BoletimView.swift (in target 'Planner' from project 'Planner')
warning: Skipping duplicate build file in Compile Sources build phase: /Users/aruapimenta/Library/Mobile Documents/com~apple~CloudDocs/Apps, trabalhos e testes/Planner/Planner/Views/Boletim/NovaAvaliacaoSheet.swift (in target 'Planner' from project 'Planner')
warning: Skipping duplicate build file in Compile Sources build phase: /Users/aruapimenta/Library/Mobile Documents/com~apple~CloudDocs/Apps, trabalhos e testes/Planner/Planner/Models/Professor.swift (in target 'Planner' from project 'Planner')
warning: Skipping duplicate build file in Compile Sources build phase: /Users/aruapimenta/Library/Mobile Documents/com~apple~CloudDocs/Apps, trabalhos e testes/Planner/Planner/Models/Feriado.swift (in target 'Planner' from project 'Planner')
warning: Skipping duplicate build file in Compile Sources build phase: /Users/aruapimenta/Library/Mobile Documents/com~apple~CloudDocs/Apps, trabalhos e testes/Planner/Planner/Views/Professores/ProfessoresView.swift (in target 'Planner' from project 'Planner')
warning: Skipping duplicate build file in Compile Sources build phase: /Users/aruapimenta/Library/Mobile Documents/com~apple~CloudDocs/Apps, trabalhos e testes/Planner/Planner/Views/Professores/NovoProfessorSheet.swift (in target 'Planner' from project 'Planner')
warning: Skipping duplicate build file in Compile Sources build phase: /Users/aruapimenta/Library/Mobile Documents/com~apple~CloudDocs/Apps, trabalhos e testes/Planner/Planner/Views/Agenda/FeriadosView.swift (in target 'Planner' from project 'Planner')
warning: Skipping duplicate build file in Compile Sources build phase: /Users/aruapimenta/Library/Mobile Documents/com~apple~CloudDocs/Apps, trabalhos e testes/Planner/Planner/Views/Agenda/NovoFeriadoSheet.swift (in target 'Planner' from project 'Planner')
warning: Skipping duplicate build file in Compile Sources build phase: /Users/aruapimenta/Library/Mobile Documents/com~apple~CloudDocs/Apps, trabalhos e testes/Planner/Planner/Views/Painel/PainelView.swift (in target 'Planner' from project 'Planner')
